{
  "RSpec": {
    "coverage": {
      "/home/tejas/kisaan/config/environment.rb": [
        null,
        1,
        null,
        null,
        1
      ],
      "/home/tejas/kisaan/config/application.rb": [
        1,
        null,
        1,
        null,
        null,
        null,
        1,
        null,
        1,
        1,
        null,
        1,
        null,
        null,
        null,
        null,
        null,
        null,
        null
      ],
      "/home/tejas/kisaan/config/boot.rb": [
        1,
        null,
        1,
        1
      ],
      "/home/tejas/kisaan/config/environments/test.rb": [
        1,
        null,
        null,
        null,
        null,
        null,
        null,
        1,
        null,
        null,
        null,
        null,
        1,
        null,
        null,
        1,
        1,
        null,
        null,
        null,
        null,
        1,
        1,
        null,
        null,
        1,
        null,
        null,
        1,
        null,
        null,
        1,
        null,
        1,
        null,
        null,
        null,
        null,
        1,
        null,
        null,
        1,
        null,
        null,
        null,
        null
      ],
      "/home/tejas/kisaan/config/initializers/application_controller_renderer.rb": [
        null,
        null,
        null,
        null,
        null,
        null,
        null,
        null
      ],
      "/home/tejas/kisaan/config/initializers/assets.rb": [
        null,
        null,
        null,
        1,
        null,
        null,
        null,
        null,
        1,
        null,
        null,
        null,
        null,
        null
      ],
      "/home/tejas/kisaan/config/initializers/backtrace_silencers.rb": [
        null,
        null,
        null,
        null,
        null,
        null,
        null
      ],
      "/home/tejas/kisaan/config/initializers/content_security_policy.rb": [
        null,
        null,
        null,
        null,
        null,
        null,
        null,
        null,
        null,
        null,
        null,
        null,
        null,
        null,
        null,
        null,
        null,
        null,
        null,
        null,
        null,
        null,
        null,
        null,
        null
      ],
      "/home/tejas/kisaan/config/initializers/cookies_serializer.rb": [
        null,
        null,
        null,
        null,
        1
      ],
      "/home/tejas/kisaan/config/initializers/filter_parameter_logging.rb": [
        null,
        null,
        null,
        1
      ],
      "/home/tejas/kisaan/config/initializers/inflections.rb": [
        null,
        null,
        null,
        null,
        null,
        null,
        null,
        null,
        null,
        null,
        null,
        null,
        null,
        null,
        null,
        null
      ],
      "/home/tejas/kisaan/config/initializers/mime_types.rb": [
        null,
        null,
        null,
        null
      ],
      "/home/tejas/kisaan/config/initializers/wrap_parameters.rb": [
        null,
        null,
        null,
        null,
        null,
        null,
        1,
        2,
        null,
        null,
        null,
        null,
        null,
        null
      ],
      "/home/tejas/kisaan/spec/factories.rb": [
        1,
        1,
        1,
        1,
        1,
        null,
        null,
        null,
        1,
        6,
        6,
        7,
        7,
        null,
        null,
        1,
        null,
        null,
        1,
        1,
        null,
        null,
        1,
        1,
        null,
        null,
        null,
        null,
        1,
        1,
        1,
        1,
        null,
        null,
        1,
        1,
        1,
        1,
        null,
        null,
        null
      ],
      "/home/tejas/kisaan/config/routes.rb": [
        1,
        null,
        1,
        1,
        1,
        1,
        null
      ],
      "/home/tejas/kisaan/app/helpers/application_helper.rb": [
        1,
        null
      ],
      "/home/tejas/kisaan/app/helpers/farmer_instrument_detials_helper.rb": [
        1,
        null
      ],
      "/home/tejas/kisaan/app/helpers/farmer_instruments_helper.rb": [
        1,
        null
      ],
      "/home/tejas/kisaan/app/helpers/farmers_helper.rb": [
        1,
        null
      ],
      "/home/tejas/kisaan/app/helpers/instruments_helper.rb": [
        1,
        null
      ],
      "/home/tejas/kisaan/app/controllers/farmers_controller.rb": [
        1,
        1,
        2,
        null,
        null,
        1,
        1,
        1,
        1,
        null,
        null,
        1,
        null,
        null,
        1,
        1,
        null,
        null,
        1,
        2,
        2,
        null,
        1,
        null,
        null,
        null,
        1,
        null,
        null,
        null,
        null,
        null,
        1,
        2,
        null,
        null,
        2,
        1,
        null,
        1,
        null,
        null,
        null,
        1,
        1,
        4,
        null,
        null
      ],
      "/home/tejas/kisaan/app/controllers/application_controller.rb": [
        1,
        null
      ],
      "/home/tejas/kisaan/app/models/farmer.rb": [
        1,
        1,
        1,
        1,
        1,
        1,
        null,
        1,
        null,
        1,
        1,
        null,
        1,
        1,
        11,
        11,
        null,
        null,
        1,
        0,
        null,
        null
      ],
      "/home/tejas/kisaan/app/models/application_record.rb": [
        1,
        1,
        null
      ],
      "/home/tejas/kisaan/app/models/address.rb": [
        1,
        1,
        null,
        1,
        1,
        1,
        null,
        1,
        1,
        0,
        0,
        0,
        null,
        null,
        null
      ],
      "/home/tejas/kisaan/app/models/farmer_instrument.rb": [
        1,
        1,
        1,
        1,
        null,
        1,
        null,
        null,
        null,
        null,
        null,
        null,
        null
      ]
    },
    "timestamp": 1579725215
  }
}
